<?xml version="1.0" encoding="UTF-8"?>
<testsuite xmlns:xsi="http://www.w3.org/2001/XMLSchema-instance" xsi:noNamespaceSchemaLocation="https://maven.apache.org/surefire/maven-surefire-plugin/xsd/surefire-test-report-3.0.xsd" version="3.0" name="com.udacity.catpoint.service.SecurityRepositoryTest" time="0.074" tests="4" errors="0" skipped="0" failures="0">
  <properties>
    <property name="java.specification.version" value="18"/>
    <property name="sun.jnu.encoding" value="UTF-8"/>
    <property name="java.class.path" value="/Users/brianwiatrek/IdeaProjects/UdaSecurity/Security/target/test-classes:/Users/brianwiatrek/.m2/repository/com/google/guava/failureaccess/1.0.1/failureaccess-1.0.1.jar:/Users/brianwiatrek/.m2/repository/com/google/guava/listenablefuture/9999.0-empty-to-avoid-conflict-with-guava/listenablefuture-9999.0-empty-to-avoid-conflict-with-guava.jar:/Users/brianwiatrek/.m2/repository/com/google/code/findbugs/jsr305/3.0.2/jsr305-3.0.2.jar:/Users/brianwiatrek/.m2/repository/org/checkerframework/checker-qual/3.12.0/checker-qual-3.12.0.jar:/Users/brianwiatrek/.m2/repository/com/google/errorprone/error_prone_annotations/2.11.0/error_prone_annotations-2.11.0.jar:/Users/brianwiatrek/.m2/repository/com/google/j2objc/j2objc-annotations/1.3/j2objc-annotations-1.3.jar:/Users/brianwiatrek/.m2/repository/org/junit/jupiter/junit-jupiter-api/5.9.0/junit-jupiter-api-5.9.0.jar:/Users/brianwiatrek/.m2/repository/org/opentest4j/opentest4j/1.2.0/opentest4j-1.2.0.jar:/Users/brianwiatrek/.m2/repository/org/junit/platform/junit-platform-commons/1.9.0/junit-platform-commons-1.9.0.jar:/Users/brianwiatrek/.m2/repository/org/apiguardian/apiguardian-api/1.1.2/apiguardian-api-1.1.2.jar:/Users/brianwiatrek/.m2/repository/org/junit/jupiter/junit-jupiter-engine/5.9.0/junit-jupiter-engine-5.9.0.jar:/Users/brianwiatrek/.m2/repository/org/junit/platform/junit-platform-engine/1.9.0/junit-platform-engine-1.9.0.jar:/Users/brianwiatrek/.m2/repository/org/junit/jupiter/junit-jupiter-params/5.9.0/junit-jupiter-params-5.9.0.jar:/Users/brianwiatrek/.m2/repository/org/mockito/mockito-junit-jupiter/4.7.0/mockito-junit-jupiter-4.7.0.jar:/Users/brianwiatrek/.m2/repository/org/mockito/mockito-core/4.7.0/mockito-core-4.7.0.jar:/Users/brianwiatrek/.m2/repository/net/bytebuddy/byte-buddy/1.12.13/byte-buddy-1.12.13.jar:/Users/brianwiatrek/.m2/repository/net/bytebuddy/byte-buddy-agent/1.12.13/byte-buddy-agent-1.12.13.jar:/Users/brianwiatrek/.m2/repository/org/objenesis/objenesis/3.2/objenesis-3.2.jar:/Users/brianwiatrek/.m2/repository/com/amazonaws/aws-lambda-java-runtime-interface-client/2.1.1/aws-lambda-java-runtime-interface-client-2.1.1.jar:/Users/brianwiatrek/.m2/repository/com/amazonaws/aws-lambda-java-core/1.2.1/aws-lambda-java-core-1.2.1.jar:/Users/brianwiatrek/.m2/repository/com/amazonaws/aws-lambda-java-serialization/1.0.0/aws-lambda-java-serialization-1.0.0.jar:/Users/brianwiatrek/.m2/repository/com/amazonaws/aws-java-sdk-rekognition/1.12.286/aws-java-sdk-rekognition-1.12.286.jar:/Users/brianwiatrek/.m2/repository/com/amazonaws/aws-java-sdk-core/1.12.286/aws-java-sdk-core-1.12.286.jar:/Users/brianwiatrek/.m2/repository/commons-logging/commons-logging/1.1.3/commons-logging-1.1.3.jar:/Users/brianwiatrek/.m2/repository/commons-codec/commons-codec/1.15/commons-codec-1.15.jar:/Users/brianwiatrek/.m2/repository/org/apache/httpcomponents/httpclient/4.5.13/httpclient-4.5.13.jar:/Users/brianwiatrek/.m2/repository/software/amazon/ion/ion-java/1.0.2/ion-java-1.0.2.jar:/Users/brianwiatrek/.m2/repository/com/fasterxml/jackson/core/jackson-databind/2.12.6.1/jackson-databind-2.12.6.1.jar:/Users/brianwiatrek/.m2/repository/com/fasterxml/jackson/core/jackson-annotations/2.12.6/jackson-annotations-2.12.6.jar:/Users/brianwiatrek/.m2/repository/com/fasterxml/jackson/core/jackson-core/2.12.6/jackson-core-2.12.6.jar:/Users/brianwiatrek/.m2/repository/com/fasterxml/jackson/dataformat/jackson-dataformat-cbor/2.12.6/jackson-dataformat-cbor-2.12.6.jar:/Users/brianwiatrek/.m2/repository/joda-time/joda-time/2.8.1/joda-time-2.8.1.jar:/Users/brianwiatrek/.m2/repository/com/amazonaws/jmespath-java/1.12.286/jmespath-java-1.12.286.jar:/Users/brianwiatrek/.m2/repository/software/amazon/awssdk/annotations/2.17.256/annotations-2.17.256.jar:/Users/brianwiatrek/.m2/repository/software/amazon/awssdk/utils/2.17.256/utils-2.17.256.jar:/Users/brianwiatrek/.m2/repository/org/reactivestreams/reactive-streams/1.0.3/reactive-streams-1.0.3.jar:/Users/brianwiatrek/.m2/repository/software/amazon/awssdk/profiles/2.17.256/profiles-2.17.256.jar:/Users/brianwiatrek/.m2/repository/software/amazon/awssdk/http-client-spi/2.17.256/http-client-spi-2.17.256.jar:/Users/brianwiatrek/.m2/repository/software/amazon/awssdk/json-utils/2.17.256/json-utils-2.17.256.jar:/Users/brianwiatrek/.m2/repository/software/amazon/awssdk/third-party-jackson-core/2.17.256/third-party-jackson-core-2.17.256.jar:/Users/brianwiatrek/.m2/repository/software/amazon/eventstream/eventstream/1.0.1/eventstream-1.0.1.jar:/Users/brianwiatrek/.m2/repository/software/amazon/awssdk/aws-json-protocol/2.17.256/aws-json-protocol-2.17.256.jar:/Users/brianwiatrek/.m2/repository/software/amazon/awssdk/protocol-core/2.17.256/protocol-core-2.17.256.jar:/Users/brianwiatrek/.m2/repository/software/amazon/awssdk/aws-core/2.17.256/aws-core-2.17.256.jar:/Users/brianwiatrek/.m2/repository/software/amazon/awssdk/metrics-spi/2.17.256/metrics-spi-2.17.256.jar:/Users/brianwiatrek/.m2/repository/software/amazon/awssdk/apache-client/2.17.256/apache-client-2.17.256.jar:/Users/brianwiatrek/.m2/repository/org/apache/httpcomponents/httpcore/4.4.13/httpcore-4.4.13.jar:/Users/brianwiatrek/.m2/repository/software/amazon/awssdk/netty-nio-client/2.17.256/netty-nio-client-2.17.256.jar:/Users/brianwiatrek/.m2/repository/io/netty/netty-codec-http/4.1.77.Final/netty-codec-http-4.1.77.Final.jar:/Users/brianwiatrek/.m2/repository/io/netty/netty-codec-http2/4.1.77.Final/netty-codec-http2-4.1.77.Final.jar:/Users/brianwiatrek/.m2/repository/io/netty/netty-codec/4.1.77.Final/netty-codec-4.1.77.Final.jar:/Users/brianwiatrek/.m2/repository/io/netty/netty-transport/4.1.77.Final/netty-transport-4.1.77.Final.jar:/Users/brianwiatrek/.m2/repository/io/netty/netty-resolver/4.1.77.Final/netty-resolver-4.1.77.Final.jar:/Users/brianwiatrek/.m2/repository/io/netty/netty-common/4.1.77.Final/netty-common-4.1.77.Final.jar:/Users/brianwiatrek/.m2/repository/io/netty/netty-buffer/4.1.77.Final/netty-buffer-4.1.77.Final.jar:/Users/brianwiatrek/.m2/repository/io/netty/netty-handler/4.1.77.Final/netty-handler-4.1.77.Final.jar:/Users/brianwiatrek/.m2/repository/io/netty/netty-transport-classes-epoll/4.1.77.Final/netty-transport-classes-epoll-4.1.77.Final.jar:/Users/brianwiatrek/.m2/repository/io/netty/netty-transport-native-unix-common/4.1.77.Final/netty-transport-native-unix-common-4.1.77.Final.jar:"/>
    <property name="java.vm.vendor" value="Oracle Corporation"/>
    <property name="sun.arch.data.model" value="64"/>
    <property name="java.vendor.url" value="https://java.oracle.com/"/>
    <property name="os.name" value="Mac OS X"/>
    <property name="java.vm.specification.version" value="18"/>
    <property name="sun.java.launcher" value="SUN_STANDARD"/>
    <property name="user.country" value="US"/>
    <property name="sun.boot.library.path" value="/Users/brianwiatrek/Library/Java/JavaVirtualMachines/openjdk-18/Contents/Home/lib"/>
    <property name="sun.java.command" value="org.apache.maven.surefire.booter.ForkedBooter /Users/brianwiatrek/IdeaProjects/UdaSecurity/Security/target/surefire 2022-09-17T14-00-21_735-jvmRun1 surefire10878711550959825385tmp surefire_09734286254447641039tmp"/>
    <property name="http.nonProxyHosts" value="local|*.local|169.254/16|*.169.254/16"/>
    <property name="jdk.debug" value="release"/>
    <property name="surefire.test.class.path" value="/Users/brianwiatrek/IdeaProjects/UdaSecurity/Security/target/test-classes:/Users/brianwiatrek/.m2/repository/com/google/guava/failureaccess/1.0.1/failureaccess-1.0.1.jar:/Users/brianwiatrek/.m2/repository/com/google/guava/listenablefuture/9999.0-empty-to-avoid-conflict-with-guava/listenablefuture-9999.0-empty-to-avoid-conflict-with-guava.jar:/Users/brianwiatrek/.m2/repository/com/google/code/findbugs/jsr305/3.0.2/jsr305-3.0.2.jar:/Users/brianwiatrek/.m2/repository/org/checkerframework/checker-qual/3.12.0/checker-qual-3.12.0.jar:/Users/brianwiatrek/.m2/repository/com/google/errorprone/error_prone_annotations/2.11.0/error_prone_annotations-2.11.0.jar:/Users/brianwiatrek/.m2/repository/com/google/j2objc/j2objc-annotations/1.3/j2objc-annotations-1.3.jar:/Users/brianwiatrek/.m2/repository/org/junit/jupiter/junit-jupiter-api/5.9.0/junit-jupiter-api-5.9.0.jar:/Users/brianwiatrek/.m2/repository/org/opentest4j/opentest4j/1.2.0/opentest4j-1.2.0.jar:/Users/brianwiatrek/.m2/repository/org/junit/platform/junit-platform-commons/1.9.0/junit-platform-commons-1.9.0.jar:/Users/brianwiatrek/.m2/repository/org/apiguardian/apiguardian-api/1.1.2/apiguardian-api-1.1.2.jar:/Users/brianwiatrek/.m2/repository/org/junit/jupiter/junit-jupiter-engine/5.9.0/junit-jupiter-engine-5.9.0.jar:/Users/brianwiatrek/.m2/repository/org/junit/platform/junit-platform-engine/1.9.0/junit-platform-engine-1.9.0.jar:/Users/brianwiatrek/.m2/repository/org/junit/jupiter/junit-jupiter-params/5.9.0/junit-jupiter-params-5.9.0.jar:/Users/brianwiatrek/.m2/repository/org/mockito/mockito-junit-jupiter/4.7.0/mockito-junit-jupiter-4.7.0.jar:/Users/brianwiatrek/.m2/repository/org/mockito/mockito-core/4.7.0/mockito-core-4.7.0.jar:/Users/brianwiatrek/.m2/repository/net/bytebuddy/byte-buddy/1.12.13/byte-buddy-1.12.13.jar:/Users/brianwiatrek/.m2/repository/net/bytebuddy/byte-buddy-agent/1.12.13/byte-buddy-agent-1.12.13.jar:/Users/brianwiatrek/.m2/repository/org/objenesis/objenesis/3.2/objenesis-3.2.jar:/Users/brianwiatrek/.m2/repository/com/amazonaws/aws-lambda-java-runtime-interface-client/2.1.1/aws-lambda-java-runtime-interface-client-2.1.1.jar:/Users/brianwiatrek/.m2/repository/com/amazonaws/aws-lambda-java-core/1.2.1/aws-lambda-java-core-1.2.1.jar:/Users/brianwiatrek/.m2/repository/com/amazonaws/aws-lambda-java-serialization/1.0.0/aws-lambda-java-serialization-1.0.0.jar:/Users/brianwiatrek/.m2/repository/com/amazonaws/aws-java-sdk-rekognition/1.12.286/aws-java-sdk-rekognition-1.12.286.jar:/Users/brianwiatrek/.m2/repository/com/amazonaws/aws-java-sdk-core/1.12.286/aws-java-sdk-core-1.12.286.jar:/Users/brianwiatrek/.m2/repository/commons-logging/commons-logging/1.1.3/commons-logging-1.1.3.jar:/Users/brianwiatrek/.m2/repository/commons-codec/commons-codec/1.15/commons-codec-1.15.jar:/Users/brianwiatrek/.m2/repository/org/apache/httpcomponents/httpclient/4.5.13/httpclient-4.5.13.jar:/Users/brianwiatrek/.m2/repository/software/amazon/ion/ion-java/1.0.2/ion-java-1.0.2.jar:/Users/brianwiatrek/.m2/repository/com/fasterxml/jackson/core/jackson-databind/2.12.6.1/jackson-databind-2.12.6.1.jar:/Users/brianwiatrek/.m2/repository/com/fasterxml/jackson/core/jackson-annotations/2.12.6/jackson-annotations-2.12.6.jar:/Users/brianwiatrek/.m2/repository/com/fasterxml/jackson/core/jackson-core/2.12.6/jackson-core-2.12.6.jar:/Users/brianwiatrek/.m2/repository/com/fasterxml/jackson/dataformat/jackson-dataformat-cbor/2.12.6/jackson-dataformat-cbor-2.12.6.jar:/Users/brianwiatrek/.m2/repository/joda-time/joda-time/2.8.1/joda-time-2.8.1.jar:/Users/brianwiatrek/.m2/repository/com/amazonaws/jmespath-java/1.12.286/jmespath-java-1.12.286.jar:/Users/brianwiatrek/.m2/repository/software/amazon/awssdk/annotations/2.17.256/annotations-2.17.256.jar:/Users/brianwiatrek/.m2/repository/software/amazon/awssdk/utils/2.17.256/utils-2.17.256.jar:/Users/brianwiatrek/.m2/repository/org/reactivestreams/reactive-streams/1.0.3/reactive-streams-1.0.3.jar:/Users/brianwiatrek/.m2/repository/software/amazon/awssdk/profiles/2.17.256/profiles-2.17.256.jar:/Users/brianwiatrek/.m2/repository/software/amazon/awssdk/http-client-spi/2.17.256/http-client-spi-2.17.256.jar:/Users/brianwiatrek/.m2/repository/software/amazon/awssdk/json-utils/2.17.256/json-utils-2.17.256.jar:/Users/brianwiatrek/.m2/repository/software/amazon/awssdk/third-party-jackson-core/2.17.256/third-party-jackson-core-2.17.256.jar:/Users/brianwiatrek/.m2/repository/software/amazon/eventstream/eventstream/1.0.1/eventstream-1.0.1.jar:/Users/brianwiatrek/.m2/repository/software/amazon/awssdk/aws-json-protocol/2.17.256/aws-json-protocol-2.17.256.jar:/Users/brianwiatrek/.m2/repository/software/amazon/awssdk/protocol-core/2.17.256/protocol-core-2.17.256.jar:/Users/brianwiatrek/.m2/repository/software/amazon/awssdk/aws-core/2.17.256/aws-core-2.17.256.jar:/Users/brianwiatrek/.m2/repository/software/amazon/awssdk/metrics-spi/2.17.256/metrics-spi-2.17.256.jar:/Users/brianwiatrek/.m2/repository/software/amazon/awssdk/apache-client/2.17.256/apache-client-2.17.256.jar:/Users/brianwiatrek/.m2/repository/org/apache/httpcomponents/httpcore/4.4.13/httpcore-4.4.13.jar:/Users/brianwiatrek/.m2/repository/software/amazon/awssdk/netty-nio-client/2.17.256/netty-nio-client-2.17.256.jar:/Users/brianwiatrek/.m2/repository/io/netty/netty-codec-http/4.1.77.Final/netty-codec-http-4.1.77.Final.jar:/Users/brianwiatrek/.m2/repository/io/netty/netty-codec-http2/4.1.77.Final/netty-codec-http2-4.1.77.Final.jar:/Users/brianwiatrek/.m2/repository/io/netty/netty-codec/4.1.77.Final/netty-codec-4.1.77.Final.jar:/Users/brianwiatrek/.m2/repository/io/netty/netty-transport/4.1.77.Final/netty-transport-4.1.77.Final.jar:/Users/brianwiatrek/.m2/repository/io/netty/netty-resolver/4.1.77.Final/netty-resolver-4.1.77.Final.jar:/Users/brianwiatrek/.m2/repository/io/netty/netty-common/4.1.77.Final/netty-common-4.1.77.Final.jar:/Users/brianwiatrek/.m2/repository/io/netty/netty-buffer/4.1.77.Final/netty-buffer-4.1.77.Final.jar:/Users/brianwiatrek/.m2/repository/io/netty/netty-handler/4.1.77.Final/netty-handler-4.1.77.Final.jar:/Users/brianwiatrek/.m2/repository/io/netty/netty-transport-classes-epoll/4.1.77.Final/netty-transport-classes-epoll-4.1.77.Final.jar:/Users/brianwiatrek/.m2/repository/io/netty/netty-transport-native-unix-common/4.1.77.Final/netty-transport-native-unix-common-4.1.77.Final.jar:"/>
    <property name="sun.cpu.endian" value="little"/>
    <property name="user.home" value="/Users/brianwiatrek"/>
    <property name="user.language" value="en"/>
    <property name="java.specification.vendor" value="Oracle Corporation"/>
    <property name="jdk.module.path" value="/Users/brianwiatrek/IdeaProjects/UdaSecurity/Security/target/classes:/Users/brianwiatrek/.m2/repository/com/miglayout/miglayout-swing/11.0/miglayout-swing-11.0.jar:/Users/brianwiatrek/.m2/repository/com/miglayout/miglayout-core/11.0/miglayout-core-11.0.jar:/Users/brianwiatrek/.m2/repository/com/google/guava/guava/31.1-jre/guava-31.1-jre.jar:/Users/brianwiatrek/.m2/repository/com/google/code/gson/gson/2.9.1/gson-2.9.1.jar:/Users/brianwiatrek/IdeaProjects/UdaSecurity/Image/target/classes:/Users/brianwiatrek/.m2/repository/software/amazon/awssdk/auth/2.17.256/auth-2.17.256.jar:/Users/brianwiatrek/.m2/repository/software/amazon/awssdk/sdk-core/2.17.256/sdk-core-2.17.256.jar:/Users/brianwiatrek/.m2/repository/software/amazon/awssdk/rekognition/2.17.256/rekognition-2.17.256.jar:/Users/brianwiatrek/.m2/repository/software/amazon/awssdk/regions/2.17.256/regions-2.17.256.jar:/Users/brianwiatrek/.m2/repository/org/slf4j/slf4j-api/2.0.0/slf4j-api-2.0.0.jar"/>
    <property name="java.version.date" value="2022-03-22"/>
    <property name="java.home" value="/Users/brianwiatrek/Library/Java/JavaVirtualMachines/openjdk-18/Contents/Home"/>
    <property name="file.separator" value="/"/>
    <property name="basedir" value="/Users/brianwiatrek/IdeaProjects/UdaSecurity/Security"/>
    <property name="java.vm.compressedOopsMode" value="Zero based"/>
    <property name="line.separator" value="&#10;"/>
    <property name="java.vm.specification.vendor" value="Oracle Corporation"/>
    <property name="java.specification.name" value="Java Platform API Specification"/>
    <property name="apple.awt.application.name" value="ForkedBooter"/>
    <property name="surefire.real.class.path" value="/Users/brianwiatrek/.m2/repository/org/apache/maven/surefire/surefire-booter/3.0.0-M5/surefire-booter-3.0.0-M5.jar:/Users/brianwiatrek/.m2/repository/org/apache/maven/surefire/surefire-api/3.0.0-M5/surefire-api-3.0.0-M5.jar:/Users/brianwiatrek/.m2/repository/org/apache/maven/surefire/surefire-logger-api/3.0.0-M5/surefire-logger-api-3.0.0-M5.jar:/Users/brianwiatrek/.m2/repository/org/apache/maven/surefire/surefire-shared-utils/3.0.0-M4/surefire-shared-utils-3.0.0-M4.jar:/Users/brianwiatrek/.m2/repository/org/apache/maven/surefire/surefire-extensions-spi/3.0.0-M5/surefire-extensions-spi-3.0.0-M5.jar:/Users/brianwiatrek/IdeaProjects/UdaSecurity/Security/target/test-classes:/Users/brianwiatrek/.m2/repository/com/google/guava/failureaccess/1.0.1/failureaccess-1.0.1.jar:/Users/brianwiatrek/.m2/repository/com/google/guava/listenablefuture/9999.0-empty-to-avoid-conflict-with-guava/listenablefuture-9999.0-empty-to-avoid-conflict-with-guava.jar:/Users/brianwiatrek/.m2/repository/com/google/code/findbugs/jsr305/3.0.2/jsr305-3.0.2.jar:/Users/brianwiatrek/.m2/repository/org/checkerframework/checker-qual/3.12.0/checker-qual-3.12.0.jar:/Users/brianwiatrek/.m2/repository/com/google/errorprone/error_prone_annotations/2.11.0/error_prone_annotations-2.11.0.jar:/Users/brianwiatrek/.m2/repository/com/google/j2objc/j2objc-annotations/1.3/j2objc-annotations-1.3.jar:/Users/brianwiatrek/.m2/repository/org/junit/jupiter/junit-jupiter-api/5.9.0/junit-jupiter-api-5.9.0.jar:/Users/brianwiatrek/.m2/repository/org/opentest4j/opentest4j/1.2.0/opentest4j-1.2.0.jar:/Users/brianwiatrek/.m2/repository/org/junit/platform/junit-platform-commons/1.9.0/junit-platform-commons-1.9.0.jar:/Users/brianwiatrek/.m2/repository/org/apiguardian/apiguardian-api/1.1.2/apiguardian-api-1.1.2.jar:/Users/brianwiatrek/.m2/repository/org/junit/jupiter/junit-jupiter-engine/5.9.0/junit-jupiter-engine-5.9.0.jar:/Users/brianwiatrek/.m2/repository/org/junit/platform/junit-platform-engine/1.9.0/junit-platform-engine-1.9.0.jar:/Users/brianwiatrek/.m2/repository/org/junit/jupiter/junit-jupiter-params/5.9.0/junit-jupiter-params-5.9.0.jar:/Users/brianwiatrek/.m2/repository/org/mockito/mockito-junit-jupiter/4.7.0/mockito-junit-jupiter-4.7.0.jar:/Users/brianwiatrek/.m2/repository/org/mockito/mockito-core/4.7.0/mockito-core-4.7.0.jar:/Users/brianwiatrek/.m2/repository/net/bytebuddy/byte-buddy/1.12.13/byte-buddy-1.12.13.jar:/Users/brianwiatrek/.m2/repository/net/bytebuddy/byte-buddy-agent/1.12.13/byte-buddy-agent-1.12.13.jar:/Users/brianwiatrek/.m2/repository/org/objenesis/objenesis/3.2/objenesis-3.2.jar:/Users/brianwiatrek/.m2/repository/com/amazonaws/aws-lambda-java-runtime-interface-client/2.1.1/aws-lambda-java-runtime-interface-client-2.1.1.jar:/Users/brianwiatrek/.m2/repository/com/amazonaws/aws-lambda-java-core/1.2.1/aws-lambda-java-core-1.2.1.jar:/Users/brianwiatrek/.m2/repository/com/amazonaws/aws-lambda-java-serialization/1.0.0/aws-lambda-java-serialization-1.0.0.jar:/Users/brianwiatrek/.m2/repository/com/amazonaws/aws-java-sdk-rekognition/1.12.286/aws-java-sdk-rekognition-1.12.286.jar:/Users/brianwiatrek/.m2/repository/com/amazonaws/aws-java-sdk-core/1.12.286/aws-java-sdk-core-1.12.286.jar:/Users/brianwiatrek/.m2/repository/commons-logging/commons-logging/1.1.3/commons-logging-1.1.3.jar:/Users/brianwiatrek/.m2/repository/commons-codec/commons-codec/1.15/commons-codec-1.15.jar:/Users/brianwiatrek/.m2/repository/org/apache/httpcomponents/httpclient/4.5.13/httpclient-4.5.13.jar:/Users/brianwiatrek/.m2/repository/software/amazon/ion/ion-java/1.0.2/ion-java-1.0.2.jar:/Users/brianwiatrek/.m2/repository/com/fasterxml/jackson/core/jackson-databind/2.12.6.1/jackson-databind-2.12.6.1.jar:/Users/brianwiatrek/.m2/repository/com/fasterxml/jackson/core/jackson-annotations/2.12.6/jackson-annotations-2.12.6.jar:/Users/brianwiatrek/.m2/repository/com/fasterxml/jackson/core/jackson-core/2.12.6/jackson-core-2.12.6.jar:/Users/brianwiatrek/.m2/repository/com/fasterxml/jackson/dataformat/jackson-dataformat-cbor/2.12.6/jackson-dataformat-cbor-2.12.6.jar:/Users/brianwiatrek/.m2/repository/joda-time/joda-time/2.8.1/joda-time-2.8.1.jar:/Users/brianwiatrek/.m2/repository/com/amazonaws/jmespath-java/1.12.286/jmespath-java-1.12.286.jar:/Users/brianwiatrek/.m2/repository/software/amazon/awssdk/annotations/2.17.256/annotations-2.17.256.jar:/Users/brianwiatrek/.m2/repository/software/amazon/awssdk/utils/2.17.256/utils-2.17.256.jar:/Users/brianwiatrek/.m2/repository/org/reactivestreams/reactive-streams/1.0.3/reactive-streams-1.0.3.jar:/Users/brianwiatrek/.m2/repository/software/amazon/awssdk/profiles/2.17.256/profiles-2.17.256.jar:/Users/brianwiatrek/.m2/repository/software/amazon/awssdk/http-client-spi/2.17.256/http-client-spi-2.17.256.jar:/Users/brianwiatrek/.m2/repository/software/amazon/awssdk/json-utils/2.17.256/json-utils-2.17.256.jar:/Users/brianwiatrek/.m2/repository/software/amazon/awssdk/third-party-jackson-core/2.17.256/third-party-jackson-core-2.17.256.jar:/Users/brianwiatrek/.m2/repository/software/amazon/eventstream/eventstream/1.0.1/eventstream-1.0.1.jar:/Users/brianwiatrek/.m2/repository/software/amazon/awssdk/aws-json-protocol/2.17.256/aws-json-protocol-2.17.256.jar:/Users/brianwiatrek/.m2/repository/software/amazon/awssdk/protocol-core/2.17.256/protocol-core-2.17.256.jar:/Users/brianwiatrek/.m2/repository/software/amazon/awssdk/aws-core/2.17.256/aws-core-2.17.256.jar:/Users/brianwiatrek/.m2/repository/software/amazon/awssdk/metrics-spi/2.17.256/metrics-spi-2.17.256.jar:/Users/brianwiatrek/.m2/repository/software/amazon/awssdk/apache-client/2.17.256/apache-client-2.17.256.jar:/Users/brianwiatrek/.m2/repository/org/apache/httpcomponents/httpcore/4.4.13/httpcore-4.4.13.jar:/Users/brianwiatrek/.m2/repository/software/amazon/awssdk/netty-nio-client/2.17.256/netty-nio-client-2.17.256.jar:/Users/brianwiatrek/.m2/repository/io/netty/netty-codec-http/4.1.77.Final/netty-codec-http-4.1.77.Final.jar:/Users/brianwiatrek/.m2/repository/io/netty/netty-codec-http2/4.1.77.Final/netty-codec-http2-4.1.77.Final.jar:/Users/brianwiatrek/.m2/repository/io/netty/netty-codec/4.1.77.Final/netty-codec-4.1.77.Final.jar:/Users/brianwiatrek/.m2/repository/io/netty/netty-transport/4.1.77.Final/netty-transport-4.1.77.Final.jar:/Users/brianwiatrek/.m2/repository/io/netty/netty-resolver/4.1.77.Final/netty-resolver-4.1.77.Final.jar:/Users/brianwiatrek/.m2/repository/io/netty/netty-common/4.1.77.Final/netty-common-4.1.77.Final.jar:/Users/brianwiatrek/.m2/repository/io/netty/netty-buffer/4.1.77.Final/netty-buffer-4.1.77.Final.jar:/Users/brianwiatrek/.m2/repository/io/netty/netty-handler/4.1.77.Final/netty-handler-4.1.77.Final.jar:/Users/brianwiatrek/.m2/repository/io/netty/netty-transport-classes-epoll/4.1.77.Final/netty-transport-classes-epoll-4.1.77.Final.jar:/Users/brianwiatrek/.m2/repository/io/netty/netty-transport-native-unix-common/4.1.77.Final/netty-transport-native-unix-common-4.1.77.Final.jar:/Users/brianwiatrek/.m2/repository/org/apache/maven/surefire/surefire-junit-platform/3.0.0-M5/surefire-junit-platform-3.0.0-M5.jar:/Users/brianwiatrek/.m2/repository/org/apache/maven/surefire/common-java5/3.0.0-M5/common-java5-3.0.0-M5.jar:/Users/brianwiatrek/.m2/repository/org/junit/platform/junit-platform-launcher/1.9.0/junit-platform-launcher-1.9.0.jar"/>
    <property name="sun.management.compiler" value="HotSpot 64-Bit Tiered Compilers"/>
    <property name="ftp.nonProxyHosts" value="local|*.local|169.254/16|*.169.254/16"/>
    <property name="java.runtime.version" value="18+36-2087"/>
    <property name="user.name" value="brianwiatrek"/>
    <property name="path.separator" value=":"/>
    <property name="os.version" value="12.6"/>
    <property name="java.runtime.name" value="OpenJDK Runtime Environment"/>
    <property name="file.encoding" value="UTF-8"/>
    <property name="java.vm.name" value="OpenJDK 64-Bit Server VM"/>
    <property name="localRepository" value="/Users/brianwiatrek/.m2/repository"/>
    <property name="java.vendor.url.bug" value="https://bugreport.java.com/bugreport/"/>
    <property name="java.io.tmpdir" value="/var/folders/hm/drz9tgws6y1123ywcyd38q380000gn/T/"/>
    <property name="java.version" value="18"/>
    <property name="user.dir" value="/Users/brianwiatrek/IdeaProjects/UdaSecurity/Security"/>
    <property name="os.arch" value="aarch64"/>
    <property name="java.vm.specification.name" value="Java Virtual Machine Specification"/>
    <property name="native.encoding" value="UTF-8"/>
    <property name="java.library.path" value="/Users/brianwiatrek/Library/Java/Extensions:/Library/Java/Extensions:/Network/Library/Java/Extensions:/System/Library/Java/Extensions:/usr/lib/java:."/>
    <property name="java.vm.info" value="mixed mode"/>
    <property name="java.vendor" value="Oracle Corporation"/>
    <property name="java.vm.version" value="18+36-2087"/>
    <property name="sun.io.unicode.encoding" value="UnicodeBig"/>
    <property name="socksNonProxyHosts" value="local|*.local|169.254/16|*.169.254/16"/>
    <property name="java.class.version" value="62.0"/>
  </properties>
  <testcase name="validate_AnySensorsActivated_IsFalse" classname="com.udacity.catpoint.service.SecurityRepositoryTest" time="0.037"/>
  <testcase name="validate_AnySensorsActivated_IsTrue" classname="com.udacity.catpoint.service.SecurityRepositoryTest" time="0.01"/>
  <testcase name="validate_SysArmed_AnySensorActivated_IsFalse(ArmingStatus)[1]" classname="com.udacity.catpoint.service.SecurityRepositoryTest" time="0.008"/>
  <testcase name="validate_SysArmed_AnySensorActivated_IsFalse(ArmingStatus)[2]" classname="com.udacity.catpoint.service.SecurityRepositoryTest" time="0.001"/>
</testsuite>